<?xml version="1.0" encoding="UTF-8"?>
<testng-results skipped="0" failed="0" ignored="0" total="1" passed="1">
  <reporter-output>
  </reporter-output>
  <suite name="Default suite" duration-ms="28133" started-at="2020-01-06T18:07:04 GMT" finished-at="2020-01-06T18:07:32 GMT">
    <groups>
    </groups>
    <test name="Default test" duration-ms="28133" started-at="2020-01-06T18:07:04 GMT" finished-at="2020-01-06T18:07:32 GMT">
      <class name="com.TestScenarios.FB_Login">
        <test-method status="PASS" signature="beforeClass()[pri:0, instance:com.TestScenarios.FB_Login@48503868]" name="beforeClass" is-config="true" duration-ms="13038" started-at="2020-01-06T18:07:04 GMT" finished-at="2020-01-06T18:07:17 GMT">
          <reporter-output>
          </reporter-output>
        </test-method> <!-- beforeClass -->
        <test-method status="PASS" signature="f()[pri:0, instance:com.TestScenarios.FB_Login@48503868]" name="f" duration-ms="10102" started-at="2020-01-06T18:07:17 GMT" finished-at="2020-01-06T18:07:27 GMT">
          <reporter-output>
          </reporter-output>
        </test-method> <!-- f -->
        <test-method status="PASS" signature="afterMethod()[pri:0, instance:com.TestScenarios.FB_Login@48503868]" name="afterMethod" is-config="true" duration-ms="0" started-at="2020-01-06T18:07:28 GMT" finished-at="2020-01-06T18:07:28 GMT">
          <reporter-output>
          </reporter-output>
        </test-method> <!-- afterMethod -->
        <test-method status="PASS" signature="afterClass()[pri:0, instance:com.TestScenarios.FB_Login@48503868]" name="afterClass" is-config="true" duration-ms="4903" started-at="2020-01-06T18:07:28 GMT" finished-at="2020-01-06T18:07:32 GMT">
          <reporter-output>
          </reporter-output>
        </test-method> <!-- afterClass -->
      </class> <!-- com.TestScenarios.FB_Login -->
    </test> <!-- Default test -->
  </suite> <!-- Default suite -->
</testng-results>
